Using pre-set license
Built from '2021.3/staging' branch; Version is '2021.3.26f1 (a16dc32e0ff2) revision 10579395'; Using compiler version '192829333'; Build Type 'Release'
OS: 'Windows 10  (10.0.19045) 64bit Core' Language: 'ru' Physical Memory: 16328 MB
BatchMode: 1, IsHumanControllingUs: 0, StartBugReporterOnCrash: 0, Is64bit: 1, IsPro: 1

COMMAND LINE ARGUMENTS:
C:\Program Files\Unity\Hub\Editor\2021.3.26f1\Editor\Unity.exe
-adb2
-batchMode
-noUpm
-name
AssetImportWorker0
-projectPath
D:/D_Documents/Unity project/GardenOfDreamsProject
-logFile
Logs/AssetImportWorker0.log
-srvPort
61401
Successfully changed project path to: D:/D_Documents/Unity project/GardenOfDreamsProject
D:/D_Documents/Unity project/GardenOfDreamsProject
[UnityMemory] Configuration Parameters - Can be set up in boot.config
    "memorysetup-bucket-allocator-granularity=16"
    "memorysetup-bucket-allocator-bucket-count=8"
    "memorysetup-bucket-allocator-block-size=33554432"
    "memorysetup-bucket-allocator-block-count=8"
    "memorysetup-main-allocator-block-size=16777216"
    "memorysetup-thread-allocator-block-size=16777216"
    "memorysetup-gfx-main-allocator-block-size=16777216"
    "memorysetup-gfx-thread-allocator-block-size=16777216"
    "memorysetup-cache-allocator-block-size=4194304"
    "memorysetup-typetree-allocator-block-size=2097152"
    "memorysetup-profiler-bucket-allocator-granularity=16"
    "memorysetup-profiler-bucket-allocator-bucket-count=8"
    "memorysetup-profiler-bucket-allocator-block-size=33554432"
    "memorysetup-profiler-bucket-allocator-block-count=8"
    "memorysetup-profiler-allocator-block-size=16777216"
    "memorysetup-profiler-editor-allocator-block-size=1048576"
    "memorysetup-temp-allocator-size-main=16777216"
    "memorysetup-job-temp-allocator-block-size=2097152"
    "memorysetup-job-temp-allocator-block-size-background=1048576"
    "memorysetup-job-temp-allocator-reduction-small-platforms=262144"
    "memorysetup-temp-allocator-size-background-worker=32768"
    "memorysetup-temp-allocator-size-job-worker=262144"
    "memorysetup-temp-allocator-size-preload-manager=33554432"
    "memorysetup-temp-allocator-size-nav-mesh-worker=65536"
    "memorysetup-temp-allocator-size-audio-worker=65536"
    "memorysetup-temp-allocator-size-cloud-worker=32768"
    "memorysetup-temp-allocator-size-gi-baking-worker=262144"
    "memorysetup-temp-allocator-size-gfx=262144"
Player connection [7456] Host "[IP] 192.168.8.29 [Port] 0 [Flags] 2 [Guid] 4137463298 [EditorId] 4137463298 [Version] 1048832 [Id] WindowsEditor(7,DESKTOP-U2U5QRI) [Debug] 1 [PackageName] WindowsEditor [ProjectName] Editor" joined multi-casting on [225.0.0.222:54997]...

Player connection [7456] Host "[IP] 192.168.8.29 [Port] 0 [Flags] 2 [Guid] 4137463298 [EditorId] 4137463298 [Version] 1048832 [Id] WindowsEditor(7,DESKTOP-U2U5QRI) [Debug] 1 [PackageName] WindowsEditor [ProjectName] Editor" joined alternative multi-casting on [225.0.0.222:34997]...

Refreshing native plugins compatible for Editor in 78.34 ms, found 3 plugins.
Preloading 0 native plugins for Editor in 0.00 ms.
Initialize engine version: 2021.3.26f1 (a16dc32e0ff2)
[Subsystems] Discovering subsystems at path C:/Program Files/Unity/Hub/Editor/2021.3.26f1/Editor/Data/Resources/UnitySubsystems
[Subsystems] Discovering subsystems at path D:/D_Documents/Unity project/GardenOfDreamsProject/Assets
GfxDevice: creating device client; threaded=0; jobified=0
Direct3D:
    Version:  Direct3D 11.0 [level 11.1]
    Renderer: NVIDIA GeForce RTX 3060 (ID=0x2504)
    Vendor:   NVIDIA
    VRAM:     12115 MB
    Driver:   32.0.15.7652
Initialize mono
Mono path[0] = 'C:/Program Files/Unity/Hub/Editor/2021.3.26f1/Editor/Data/Managed'
Mono path[1] = 'C:/Program Files/Unity/Hub/Editor/2021.3.26f1/Editor/Data/MonoBleedingEdge/lib/mono/unityjit-win32'
Mono config path = 'C:/Program Files/Unity/Hub/Editor/2021.3.26f1/Editor/Data/MonoBleedingEdge/etc'
Using monoOptions --debugger-agent=transport=dt_socket,embedding=1,server=y,suspend=n,address=127.0.0.1:56524
Begin MonoManager ReloadAssembly
Registering precompiled unity dll's ...
Register platform support module: C:/Program Files/Unity/Hub/Editor/2021.3.26f1/Editor/Data/PlaybackEngines/WindowsStandaloneSupport/UnityEditor.WindowsStandalone.Extensions.dll
Registered in 0.006241 seconds.
Native extension for WindowsStandalone target not found
Refreshing native plugins compatible for Editor in 76.63 ms, found 3 plugins.
Preloading 0 native plugins for Editor in 0.00 ms.
Mono: successfully reloaded assembly
- Completed reload, in  0.536 seconds
Domain Reload Profiling:
	ReloadAssembly (537ms)
		BeginReloadAssembly (77ms)
			ExecutionOrderSort (0ms)
			DisableScriptedObjects (0ms)
			BackupInstance (0ms)
			ReleaseScriptingObjects (0ms)
			CreateAndSetChildDomain (1ms)
		EndReloadAssembly (372ms)
			LoadAssemblies (75ms)
			RebuildTransferFunctionScriptingTraits (0ms)
			SetupTypeCache (89ms)
			ReleaseScriptCaches (0ms)
			RebuildScriptCaches (22ms)
			SetupLoadedEditorAssemblies (221ms)
				LogAssemblyErrors (0ms)
				InitializePlatformSupportModulesInManaged (7ms)
				SetLoadedEditorAssemblies (0ms)
				RefreshPlugins (77ms)
				BeforeProcessingInitializeOnLoad (1ms)
				ProcessInitializeOnLoadAttributes (97ms)
				ProcessInitializeOnLoadMethodAttributes (38ms)
				AfterProcessingInitializeOnLoad (0ms)
				EditorAssembliesLoaded (0ms)
			ExecutionOrderSort2 (0ms)
			AwakeInstancesAfterBackupRestoration (0ms)
Platform modules already initialized, skipping
Registering precompiled user dll's ...
Registered in 0.003009 seconds.
Begin MonoManager ReloadAssembly
Symbol file LoadedFromMemory doesn't match image D:\D_Documents\Unity project\GardenOfDreamsProject\Library\PackageCache\com.unity.visualscripting@1.8.0\Editor\VisualScripting.Core\Dependencies\YamlDotNet\Unity.VisualScripting.YamlDotNet.dll
Symbol file LoadedFromMemory doesn't match image D:\D_Documents\Unity project\GardenOfDreamsProject\Library\PackageCache\com.unity.visualscripting@1.8.0\Editor\VisualScripting.Core\Dependencies\DotNetZip\Unity.VisualScripting.IonicZip.dll
Native extension for WindowsStandalone target not found
Refreshing native plugins compatible for Editor in 0.71 ms, found 3 plugins.
Preloading 0 native plugins for Editor in 0.00 ms.
Mono: successfully reloaded assembly
- Completed reload, in  0.830 seconds
Domain Reload Profiling:
	ReloadAssembly (831ms)
		BeginReloadAssembly (104ms)
			ExecutionOrderSort (0ms)
			DisableScriptedObjects (6ms)
			BackupInstance (0ms)
			ReleaseScriptingObjects (0ms)
			CreateAndSetChildDomain (16ms)
		EndReloadAssembly (629ms)
			LoadAssemblies (76ms)
			RebuildTransferFunctionScriptingTraits (0ms)
			SetupTypeCache (219ms)
			ReleaseScriptCaches (1ms)
			RebuildScriptCaches (39ms)
			SetupLoadedEditorAssemblies (278ms)
				LogAssemblyErrors (0ms)
				InitializePlatformSupportModulesInManaged (5ms)
				SetLoadedEditorAssemblies (0ms)
				RefreshPlugins (1ms)
				BeforeProcessingInitializeOnLoad (64ms)
				ProcessInitializeOnLoadAttributes (185ms)
				ProcessInitializeOnLoadMethodAttributes (16ms)
				AfterProcessingInitializeOnLoad (7ms)
				EditorAssembliesLoaded (0ms)
			ExecutionOrderSort2 (0ms)
			AwakeInstancesAfterBackupRestoration (5ms)
Platform modules already initialized, skipping
========================================================================
Worker process is ready to serve import requests
Launched and connected shader compiler UnityShaderCompiler.exe after 0.03 seconds
Refreshing native plugins compatible for Editor in 1.17 ms, found 3 plugins.
Preloading 0 native plugins for Editor in 0.00 ms.
Unloading 3053 Unused Serialized files (Serialized files now loaded: 0)
Unloading 22 unused Assets / (57.4 KB). Loaded Objects now: 3543.
Memory consumption went from 126.8 MB to 126.7 MB.
Total: 3.699400 ms (FindLiveObjects: 0.372000 ms CreateObjectMapping: 0.122300 ms MarkObjects: 3.085400 ms  DeleteObjects: 0.118800 ms)

AssetImportParameters requested are different than current active one (requested -> active):
  custom:video-decoder-ogg-theora: a1e56fd34408186e4bbccfd4996cb3dc -> 
  custom:container-muxer-webm: aa71ff27fc2769a1b78a27578f13a17b -> 
  custom:container-demuxer-webm: 4f35f7cbe854078d1ac9338744f61a02 -> 
  custom:video-encoder-webm-vp8: eb34c28f22e8b96e1ab97ce403110664 -> 
  custom:audio-encoder-webm-vorbis: bf7c407c2cedff20999df2af8eb42d56 -> 
  custom:framework-win-MediaFoundation: 216162199b28c13a410421893ffa2e32 -> 
  custom:container-demuxer-ogg: 62fdf1f143b41e24485cea50d1cbac27 -> 
  custom:video-decoder-webm-vp8: 9c59270c3fd7afecdb556c50c9e8de78 -> 
  custom:audio-decoder-ogg-vorbis: bf7c407c2cedff20999df2af8eb42d56 -> 
========================================================================
Received Import Request.
  Time since last request: 169506.995325 seconds.
  path: Assets/Village/Props/Medieval village/Cart/Textures/cart512_a.png
  artifactKey: Guid(2fe8d9533e19ec84794385ab92d3b7a6) Importer(815301076,1909f56bfc062723c751e8b465ee728b)
Start importing Assets/Village/Props/Medieval village/Cart/Textures/cart512_a.png using Guid(2fe8d9533e19ec84794385ab92d3b7a6) Importer(815301076,1909f56bfc062723c751e8b465ee728b)  -> (artifact id: '259b88129cabea771e3bf8a4d81d1766') in 0.092819 seconds 
========================================================================
Received Import Request.
  Time since last request: 3.233366 seconds.
  path: Assets/Terrain/LaFinca/Midgard Textures/Mjolnir/Textures/Dry & Dirty/DirtyGreenGrass/DirtyGreenGrass_Roughness_dirtygreen.png
  artifactKey: Guid(c9011cecbc7cc8e4dbebe5323866ded8) Importer(815301076,1909f56bfc062723c751e8b465ee728b)
Start importing Assets/Terrain/LaFinca/Midgard Textures/Mjolnir/Textures/Dry & Dirty/DirtyGreenGrass/DirtyGreenGrass_Roughness_dirtygreen.png using Guid(c9011cecbc7cc8e4dbebe5323866ded8) Importer(815301076,1909f56bfc062723c751e8b465ee728b)  -> (artifact id: 'a813fd72dcc5b3f43b17fc98949f6e41') in 0.067018 seconds 
========================================================================
Received Import Request.
  Time since last request: 0.183192 seconds.
  path: Assets/Village/Props/Inguz Media Studio/The Beauty Medieval War Banners and PROPS/Textures/Glow.png
  artifactKey: Guid(42bff2cb164f7405faaff43d2c9a5858) Importer(815301076,1909f56bfc062723c751e8b465ee728b)
Start importing Assets/Village/Props/Inguz Media Studio/The Beauty Medieval War Banners and PROPS/Textures/Glow.png using Guid(42bff2cb164f7405faaff43d2c9a5858) Importer(815301076,1909f56bfc062723c751e8b465ee728b)  -> (artifact id: '8f22be5e970d01082fb75ffd530fbb00') in 0.012470 seconds 
========================================================================
Received Import Request.
  Time since last request: 0.015454 seconds.
  path: Assets/Terrain/Handpainted_Grass_and_Ground_Textures/Textures/Grass/Grass_darked/Grass_darked_down.png
  artifactKey: Guid(a73b3e68bfee0a8468a1e6782d21c6d8) Importer(815301076,1909f56bfc062723c751e8b465ee728b)
Start importing Assets/Terrain/Handpainted_Grass_and_Ground_Textures/Textures/Grass/Grass_darked/Grass_darked_down.png using Guid(a73b3e68bfee0a8468a1e6782d21c6d8) Importer(815301076,1909f56bfc062723c751e8b465ee728b)  -> (artifact id: '154bd7357f2f62b0cec3c2773aa0498d') in 0.013401 seconds 
========================================================================
Received Import Request.
  Time since last request: 0.039971 seconds.
  path: Assets/Village/Props/_SVK/Sky/graveyard_pathways_4k.exr
  artifactKey: Guid(c7dd6b85c11d6cc41a7909e625f30b56) Importer(815301076,1909f56bfc062723c751e8b465ee728b)
Start importing Assets/Village/Props/_SVK/Sky/graveyard_pathways_4k.exr using Guid(c7dd6b85c11d6cc41a7909e625f30b56) Importer(815301076,1909f56bfc062723c751e8b465ee728b)  -> (artifact id: '504f4b26d83064692277adb381c47e1f') in 0.039710 seconds 
========================================================================
Received Import Request.
  Time since last request: 0.123306 seconds.
  path: Assets/Village/Props/Inguz Media Studio/The Beauty Medieval War Banners and PROPS/Textures/Particle.png
  artifactKey: Guid(d98a7bcd3b016594baae326f20b26e1f) Importer(815301076,1909f56bfc062723c751e8b465ee728b)
Start importing Assets/Village/Props/Inguz Media Studio/The Beauty Medieval War Banners and PROPS/Textures/Particle.png using Guid(d98a7bcd3b016594baae326f20b26e1f) Importer(815301076,1909f56bfc062723c751e8b465ee728b)  -> (artifact id: '9eac3d5257a6559cee0cd26262b57ca8') in 0.012235 seconds 
========================================================================
Received Import Request.
  Time since last request: 0.000034 seconds.
  path: Assets/Village/Props/Game Assets/Aegis77/Wooden Planks/Textures/Planks_albedo.png
  artifactKey: Guid(d71ac1cbcd6dcfd45a205005bb660408) Importer(815301076,1909f56bfc062723c751e8b465ee728b)
Start importing Assets/Village/Props/Game Assets/Aegis77/Wooden Planks/Textures/Planks_albedo.png using Guid(d71ac1cbcd6dcfd45a205005bb660408) Importer(815301076,1909f56bfc062723c751e8b465ee728b)  -> (artifact id: '82356342fe054e3c2336df309e59a5b8') in 0.077087 seconds 
========================================================================
Received Import Request.
  Time since last request: 0.000022 seconds.
  path: Assets/Village/Props/Inguz Media Studio/The Beauty Medieval War Banners and PROPS/Textures/Sparkles.png
  artifactKey: Guid(f8c5cff3504cc477eb9a5a8f5e5d8a46) Importer(815301076,1909f56bfc062723c751e8b465ee728b)
Start importing Assets/Village/Props/Inguz Media Studio/The Beauty Medieval War Banners and PROPS/Textures/Sparkles.png using Guid(f8c5cff3504cc477eb9a5a8f5e5d8a46) Importer(815301076,1909f56bfc062723c751e8b465ee728b)  -> (artifact id: '7ce0d91f8ca94c50880eed6e6ed745c5') in 0.011788 seconds 
========================================================================
Received Import Request.
  Time since last request: 0.000021 seconds.
  path: Assets/Village/Props/Inguz Media Studio/The Beauty Medieval War Banners and PROPS/Textures/Photoshop. Red Flag, Model B Square.psd
  artifactKey: Guid(5fa4647589771449eb69903bd62239bc) Importer(815301076,1909f56bfc062723c751e8b465ee728b)
Start importing Assets/Village/Props/Inguz Media Studio/The Beauty Medieval War Banners and PROPS/Textures/Photoshop. Red Flag, Model B Square.psd using Guid(5fa4647589771449eb69903bd62239bc) Importer(815301076,1909f56bfc062723c751e8b465ee728b)  -> (artifact id: 'fb53ca85c40619c079454023e423c8d1') in 0.105837 seconds 
========================================================================
Received Import Request.
  Time since last request: 0.000028 seconds.
  path: Assets/Village/Props/Inguz Media Studio/The Beauty Medieval War Banners and PROPS/Textures/Thorn.png
  artifactKey: Guid(2157c94dd89334272a79526fc3fa0813) Importer(815301076,1909f56bfc062723c751e8b465ee728b)
Start importing Assets/Village/Props/Inguz Media Studio/The Beauty Medieval War Banners and PROPS/Textures/Thorn.png using Guid(2157c94dd89334272a79526fc3fa0813) Importer(815301076,1909f56bfc062723c751e8b465ee728b)  -> (artifact id: 'd0ebe5e9f301501dc83719d898b64868') in 0.014303 seconds 
========================================================================
Received Import Request.
  Time since last request: 0.000025 seconds.
  path: Assets/Village/Props/Inguz Media Studio/The Beauty Medieval War Banners and PROPS/Textures/Texture, Banner B - Wood.png
  artifactKey: Guid(7e1686c07c9454cda8e730c693e42559) Importer(815301076,1909f56bfc062723c751e8b465ee728b)
Start importing Assets/Village/Props/Inguz Media Studio/The Beauty Medieval War Banners and PROPS/Textures/Texture, Banner B - Wood.png using Guid(7e1686c07c9454cda8e730c693e42559) Importer(815301076,1909f56bfc062723c751e8b465ee728b)  -> (artifact id: '4afea148f96ffaf4b9730bf30e1af89a') in 0.012705 seconds 
========================================================================
Received Import Request.
  Time since last request: 0.000022 seconds.
  path: Assets/Village/Props/Inguz Media Studio/The Beauty Medieval War Banners and PROPS/Textures/Texture, Banner A.png
  artifactKey: Guid(6f92c6cdbb6234d79be1721287313fc2) Importer(815301076,1909f56bfc062723c751e8b465ee728b)
Start importing Assets/Village/Props/Inguz Media Studio/The Beauty Medieval War Banners and PROPS/Textures/Texture, Banner A.png using Guid(6f92c6cdbb6234d79be1721287313fc2) Importer(815301076,1909f56bfc062723c751e8b465ee728b)  -> (artifact id: '44fdcccb36eafe786ecfeba15351b9e6') in 0.014495 seconds 
========================================================================
Received Import Request.
  Time since last request: 0.000026 seconds.
  path: Assets/Village/Buildings/RPGPP_LT/Textures/rpgpp_lt_sky_a.tga
  artifactKey: Guid(5c4fa0e44769f8f46a06d96031e56a4e) Importer(815301076,1909f56bfc062723c751e8b465ee728b)
Start importing Assets/Village/Buildings/RPGPP_LT/Textures/rpgpp_lt_sky_a.tga using Guid(5c4fa0e44769f8f46a06d96031e56a4e) Importer(815301076,1909f56bfc062723c751e8b465ee728b)  -> (artifact id: '5426d400841a9c032a87e40d9c246515') in 0.013189 seconds 
========================================================================
Received Import Request.
  Time since last request: 0.000022 seconds.
  path: Assets/Village/Buildings/fantasy village mobile pack/assets/textures/TexTerr1.png
  artifactKey: Guid(6fc2479340ebf42499364f468558f0da) Importer(815301076,1909f56bfc062723c751e8b465ee728b)
Start importing Assets/Village/Buildings/fantasy village mobile pack/assets/textures/TexTerr1.png using Guid(6fc2479340ebf42499364f468558f0da) Importer(815301076,1909f56bfc062723c751e8b465ee728b)  -> (artifact id: 'b25af77c79fd3e50c2990bc13c03b8c8') in 0.104101 seconds 
========================================================================
Received Import Request.
  Time since last request: 0.000017 seconds.
  path: Assets/Village/Props/Inguz Media Studio/The Beauty Medieval War Banners and PROPS/Textures/Trees and Vegetation.png
  artifactKey: Guid(c031195609d7b4b8f8f0203efa571e11) Importer(815301076,1909f56bfc062723c751e8b465ee728b)
Start importing Assets/Village/Props/Inguz Media Studio/The Beauty Medieval War Banners and PROPS/Textures/Trees and Vegetation.png using Guid(c031195609d7b4b8f8f0203efa571e11) Importer(815301076,1909f56bfc062723c751e8b465ee728b)  -> (artifact id: '781551b628af53845eecc72d9f25679b') in 0.023661 seconds 
========================================================================
Received Import Request.
  Time since last request: 0.000019 seconds.
  path: Assets/Village/Props/Inguz Media Studio/The Beauty Medieval War Banners and PROPS/Textures/Texture, Banner E.png
  artifactKey: Guid(ee7364f58d5834133ade8765b6f4f26f) Importer(815301076,1909f56bfc062723c751e8b465ee728b)
Start importing Assets/Village/Props/Inguz Media Studio/The Beauty Medieval War Banners and PROPS/Textures/Texture, Banner E.png using Guid(ee7364f58d5834133ade8765b6f4f26f) Importer(815301076,1909f56bfc062723c751e8b465ee728b)  -> (artifact id: 'f1a0b37648100cbfc3892da342c35cdd') in 0.018877 seconds 
========================================================================
Received Import Request.
  Time since last request: 0.000018 seconds.
  path: Assets/Village/Props/GardenTools/Shovel/ShovelLeverNM.png
  artifactKey: Guid(d499e4340ab8f044da35952af53eaca4) Importer(815301076,1909f56bfc062723c751e8b465ee728b)
Start importing Assets/Village/Props/GardenTools/Shovel/ShovelLeverNM.png using Guid(d499e4340ab8f044da35952af53eaca4) Importer(815301076,1909f56bfc062723c751e8b465ee728b)  -> (artifact id: '177b31fac0b8b9ffbf1de9738cecb2d8') in 0.016810 seconds 
========================================================================
Received Import Request.
  Time since last request: 0.000034 seconds.
  path: Assets/Village/Props/Inguz Media Studio/The Beauty Medieval War Banners and PROPS/Textures/Texture, Banner C.png
  artifactKey: Guid(dfcdfc340d9e049c8bdecc37cac90beb) Importer(815301076,1909f56bfc062723c751e8b465ee728b)
Start importing Assets/Village/Props/Inguz Media Studio/The Beauty Medieval War Banners and PROPS/Textures/Texture, Banner C.png using Guid(dfcdfc340d9e049c8bdecc37cac90beb) Importer(815301076,1909f56bfc062723c751e8b465ee728b)  -> (artifact id: '25c76d7d0eaf96dcc27e2f05dd6262f1') in 0.014111 seconds 
========================================================================
Received Import Request.
  Time since last request: 0.000021 seconds.
  path: Assets/Village/Props/Inguz Media Studio/The Beauty Medieval War Banners and PROPS/Textures/Texture, Medieval_Cook.png
  artifactKey: Guid(d71aa14a90ea04f19acd3cfd91f9b472) Importer(815301076,1909f56bfc062723c751e8b465ee728b)
Start importing Assets/Village/Props/Inguz Media Studio/The Beauty Medieval War Banners and PROPS/Textures/Texture, Medieval_Cook.png using Guid(d71aa14a90ea04f19acd3cfd91f9b472) Importer(815301076,1909f56bfc062723c751e8b465ee728b)  -> (artifact id: 'a4a948434e9dc90e59a8f93de7ada37c') in 0.012767 seconds 
========================================================================
Received Import Request.
  Time since last request: 0.000016 seconds.
  path: Assets/Village/Props/Inguz Media Studio/The Beauty Medieval War Banners and PROPS/Textures/Texture, Banner D.png
  artifactKey: Guid(10cdd75f9eefc4d99ba973b841026f25) Importer(815301076,1909f56bfc062723c751e8b465ee728b)
Start importing Assets/Village/Props/Inguz Media Studio/The Beauty Medieval War Banners and PROPS/Textures/Texture, Banner D.png using Guid(10cdd75f9eefc4d99ba973b841026f25) Importer(815301076,1909f56bfc062723c751e8b465ee728b)  -> (artifact id: 'e3321e580a82b7f9d02db4fc9b1d2fb4') in 0.017541 seconds 
Editor requested this worker to shutdown with reason: Scaling down because of idle timeout
AssetImportWorker is now disconnected from the server
Process exiting
Exiting without the bug reporter. Application will terminate with return code 0